   1                             	r8	=	0xffef0
   2                             	r16	=	0xffee8
   3                             	r24	=	0xffee0
   4                             	r9	=	0xffef1
   5                             	r17	=	0xffee9
   6                             	r25	=	0xffee1
   7                             	r10	=	0xffef2
   8                             	r18	=	0xffeea
   9                             	r26	=	0xffee2
  10                             	r11	=	0xffef3
  11                             	r19	=	0xffeeb
  12                             	r27	=	0xffee3
  13                             	r12	=	0xffef4
  14                             	r20	=	0xffeec
  15                             	r28	=	0xffee4
  16                             	r13	=	0xffef5
  17                             	r21	=	0xffeed
  18                             	r29	=	0xffee5
  19                             	r14	=	0xffef6
  20                             	r22	=	0xffeee
  21                             	r30	=	0xffee6
  22                             	r15	=	0xffef7
  23                             	r23	=	0xffeef
  24                             	r31	=	0xffee7
  25                             	.text
  26                             	.Ltext0:
  27                             		.global	_matriz_marciano
  28                             	.data
  31                             	_matriz_marciano:
  32 0000 04                      		.byte	4
  33 0001 0E                      		.byte	14
  34 0002 15                      		.byte	21
  35 0003 1F                      		.byte	31
  36 0004 0E                      		.byte	14
  37 0005 15                      		.byte	21
  38 0006 15                      		.byte	21
  39                             		.comm	_mov_marcianos,7,1
  40                             		.global	_up
  41                             	.bss
  44                             	_up:
  45 0000 00                      		.zero	1
  46                             		.global	_B
  47 0001 00                      		.balign 2
  50                             	_B:
  51 0002 00 00                   		.zero	2
  52                             	.text
  53                             		.global	_r_tau0_channel0_interrupt
  55                             	_r_tau0_channel0_interrupt:
  56                             	.LFB0:
  57                             		.file 1 "../src/r_cg_timer_user.c"
   1:../src/r_cg_timer_user.c **** /**************************************************************************************************
   2:../src/r_cg_timer_user.c **** * DISCLAIMER
   3:../src/r_cg_timer_user.c **** * This software is supplied by Renesas Electronics Corporation and is only intended for use with Re
   4:../src/r_cg_timer_user.c **** * No other uses are authorized. This software is owned by Renesas Electronics Corporation and is pr
   5:../src/r_cg_timer_user.c **** * applicable laws, including copyright laws. 
   6:../src/r_cg_timer_user.c **** * THIS SOFTWARE IS PROVIDED "AS IS" AND RENESAS MAKES NO WARRANTIESREGARDING THIS SOFTWARE, WHETHER
   7:../src/r_cg_timer_user.c **** * OR STATUTORY, INCLUDING BUT NOT LIMITED TO WARRANTIES OF MERCHANTABILITY, FITNESS FOR A PARTICULA
   8:../src/r_cg_timer_user.c **** * NON-INFRINGEMENT.  ALL SUCH WARRANTIES ARE EXPRESSLY DISCLAIMED.TO THE MAXIMUM EXTENT PERMITTED N
   9:../src/r_cg_timer_user.c **** * LAW, NEITHER RENESAS ELECTRONICS CORPORATION NOR ANY OF ITS AFFILIATED COMPANIES SHALL BE LIABLE 
  10:../src/r_cg_timer_user.c **** * INDIRECT, SPECIAL, INCIDENTAL OR CONSEQUENTIAL DAMAGES FOR ANY REASON RELATED TO THIS SOFTWARE, E
  11:../src/r_cg_timer_user.c **** * ITS AFFILIATES HAVE BEEN ADVISED OF THE POSSIBILITY OF SUCH DAMAGES.
  12:../src/r_cg_timer_user.c **** * Renesas reserves the right, without notice, to make changes to this software and to discontinue t
  13:../src/r_cg_timer_user.c **** * of this software. By using this software, you agree to the additional terms and conditions found 
  14:../src/r_cg_timer_user.c **** * following link:
  15:../src/r_cg_timer_user.c **** * http://www.renesas.com/disclaimer
  16:../src/r_cg_timer_user.c **** *
  17:../src/r_cg_timer_user.c **** * Copyright (C) 2011, 2015 Renesas Electronics Corporation. All rights reserved.
  18:../src/r_cg_timer_user.c **** ***************************************************************************************************
  19:../src/r_cg_timer_user.c **** 
  20:../src/r_cg_timer_user.c **** /**************************************************************************************************
  21:../src/r_cg_timer_user.c **** * File Name    : r_cg_timer_user.c
  22:../src/r_cg_timer_user.c **** * Version      : CodeGenerator for RL78/G14 V2.04.02.01 [15 May 2015]
  23:../src/r_cg_timer_user.c **** * Device(s)    : R5F104PF
  24:../src/r_cg_timer_user.c **** * Tool-Chain   : GCCRL78
  25:../src/r_cg_timer_user.c **** * Description  : This file implements device driver for TAU module.
  26:../src/r_cg_timer_user.c **** * Creation Date: 29/04/2017
  27:../src/r_cg_timer_user.c **** ***************************************************************************************************
  28:../src/r_cg_timer_user.c **** 
  29:../src/r_cg_timer_user.c **** /**************************************************************************************************
  30:../src/r_cg_timer_user.c **** Includes
  31:../src/r_cg_timer_user.c **** ***************************************************************************************************
  32:../src/r_cg_timer_user.c **** #include "matriz_marciano.h"
  33:../src/r_cg_timer_user.c **** #include "r_cg_macrodriver.h"
  34:../src/r_cg_timer_user.c **** #include "r_cg_timer.h"
  35:../src/r_cg_timer_user.c **** /* Start user code for include. Do not edit comment generated here */
  36:../src/r_cg_timer_user.c **** #include "matriz_marciano.h"
  37:../src/r_cg_timer_user.c **** #include "mov_marcianos.h"
  38:../src/r_cg_timer_user.c **** /* End user code. Do not edit comment generated here */
  39:../src/r_cg_timer_user.c **** #include "r_cg_userdefine.h"
  40:../src/r_cg_timer_user.c **** 
  41:../src/r_cg_timer_user.c **** /**************************************************************************************************
  42:../src/r_cg_timer_user.c **** Global variables and functions
  43:../src/r_cg_timer_user.c **** ***************************************************************************************************
  44:../src/r_cg_timer_user.c **** /* Start user code for global. Do not edit comment generated here */
  45:../src/r_cg_timer_user.c **** extern unsigned char refresco_fila;
  46:../src/r_cg_timer_user.c **** extern unsigned char start;
  47:../src/r_cg_timer_user.c **** extern unsigned char mov_canon;
  48:../src/r_cg_timer_user.c **** extern unsigned int A;
  49:../src/r_cg_timer_user.c **** extern unsigned char mover;
  50:../src/r_cg_timer_user.c **** extern signed char disparo;
  51:../src/r_cg_timer_user.c **** extern unsigned char copia_canon;
  52:../src/r_cg_timer_user.c **** unsigned char up=0;
  53:../src/r_cg_timer_user.c **** unsigned B=0;
  54:../src/r_cg_timer_user.c **** extern unsigned char mov_disparo[7];
  55:../src/r_cg_timer_user.c **** extern unsigned char filaactual;
  56:../src/r_cg_timer_user.c **** extern unsigned char derecha;
  57:../src/r_cg_timer_user.c **** extern unsigned char izquierda;
  58:../src/r_cg_timer_user.c **** extern unsigned char centro;
  59:../src/r_cg_timer_user.c **** extern unsigned char derecha2;
  60:../src/r_cg_timer_user.c **** extern unsigned char izquierda2;
  61:../src/r_cg_timer_user.c **** extern unsigned char centro2;
  62:../src/r_cg_timer_user.c **** 
  63:../src/r_cg_timer_user.c **** /* End user code. Do not edit comment generated here */
  64:../src/r_cg_timer_user.c **** 
  65:../src/r_cg_timer_user.c **** /**************************************************************************************************
  66:../src/r_cg_timer_user.c **** * Function Name: r_tau0_channel0_interrupt
  67:../src/r_cg_timer_user.c **** * Description  : This function is INTTM00 interrupt service routine.
  68:../src/r_cg_timer_user.c **** * Arguments    : None
  69:../src/r_cg_timer_user.c **** * Return Value : None
  70:../src/r_cg_timer_user.c **** ***************************************************************************************************
  71:../src/r_cg_timer_user.c **** void r_tau0_channel0_interrupt(void)
  72:../src/r_cg_timer_user.c **** {
  58                             		.loc 1 72 0
  59                             		; start of function
  60                             		; push 16: ax bc de hl r8 r10 r12 r14
  61 0000 61 CF                   		sel	rb0
  62 0002 C1                      		push	ax
  63                             	.LCFI0:
  64 0003 C3                      		push	bc
  65                             	.LCFI1:
  66 0004 C5                      		push	de
  67                             	.LCFI2:
  68 0005 C7                      		push	hl
  69                             	.LCFI3:
  70 0006 61 DF                   		sel	rb1
  71 0008 C1                      		push	ax ; r8
  72                             	.LCFI4:
  73 0009 C3                      		push	bc ; r10
  74                             	.LCFI5:
  75 000a C5                      		push	de ; r12
  76                             	.LCFI6:
  77 000b C7                      		push	hl ; r14
  78                             	.LCFI7:
  79 000c 61 CF                   		sel	rb0
  73:../src/r_cg_timer_user.c ****     /* Start user code. Do not edit comment generated here */
  74:../src/r_cg_timer_user.c **** 	switch(refresco_fila){
  80                             		.loc 1 74 0
  81 000e 8F 00 00                		mov	a, !_refresco_fila
  82 0011 9D F0                   		mov	r8, a
  83 0013 CD F1 00                		mov	r9, #0
  84 0016 AD F0                   		movw	ax, r8
  85 0018 44 03 00                		cmpw	ax, #3
  86 001b 61 F8                   		 sknz
  87 001d EC 14 02 00             		 br	!!.L3
  88 0021 AD F0                   		movw	ax, r8
  89 0023 44 03 00                		cmpw	ax, #3
  90 0026 71 FF                   		 xor1	CY, a.7
  91 0028 61 F3                   		 sknh
  92 002a EC 55 00 00             		 br	!!.L4
  93 002e AD F0                   		movw	ax, r8
  94 0030 44 01 00                		cmpw	ax, #1
  95 0033 61 F8                   		 sknz
  96 0035 EC 04 01 00             		 br	!!.L5
  97 0039 AD F0                   		movw	ax, r8
  98 003b 44 01 00                		cmpw	ax, #1
  99 003e 71 FF                   		 xor1	CY, a.7
 100 0040 61 F3                   		 sknh
 101 0042 EC 8C 01 00             		 br	!!.L6
 102 0046 AD F0                   		movw	ax, r8
 103 0048 44 00 00                		cmpw	ax, #0
 104 004b 61 F8                   		 sknz
 105 004d EC 7C 00 00             		 br	!!.L7
 106 0051 EC 31 04 00             		br	!!.L2
 107                             	.L4:
 108 0055 AD F0                   		movw	ax, r8
 109 0057 44 05 00                		cmpw	ax, #5
 110 005a 61 F8                   		 sknz
 111 005c EC 24 03 00             		 br	!!.L8
 112 0060 AD F0                   		movw	ax, r8
 113 0062 44 05 00                		cmpw	ax, #5
 114 0065 71 FF                   		 xor1	CY, a.7
 115 0067 61 D8                   		 sknc
 116 0069 EC 9C 02 00             		 br	!!.L9
 117 006d AD F0                   		movw	ax, r8
 118 006f 44 06 00                		cmpw	ax, #6
 119 0072 61 F8                   		 sknz
 120 0074 EC AC 03 00             		 br	!!.L10
 121 0078 EC 31 04 00             		br	!!.L2
 122                             	.L7:
  75:../src/r_cg_timer_user.c **** 	case 0:
  76:../src/r_cg_timer_user.c **** 		P1=0;
 123                             		.loc 1 76 0
 124 007c C9 F0 01 FF             		movw	r8, #-255
 125 0080 AD F0                   		movw	ax, r8
 126 0082 BD F2                   		movw	r10, ax
 127 0084 DA F2                   		movw	bc, r10
 128 0086 F1                      		clrb	a
 129 0087 48 00 00                		mov	[bc], a
  77:../src/r_cg_timer_user.c **** 		P15_bit.no3=0;
 130                             		.loc 1 77 0
 131 008a C9 F0 0F FF             		movw	r8, #-241
 132 008e AD F0                   		movw	ax, r8
 133 0090 BD F4                   		movw	r12, ax
 134 0092 FA F4                   		movw	hl, r12
 135 0094 8B                      		mov	a, [hl]
 136 0095 9D F2                   		mov	r10, a
 137 0097 5A F2 F7                		and	r10, #-9
 138 009a AD F0                   		movw	ax, r8
 139 009c DA F4                   		movw	bc, r12
 140 009e 8D F2                   		mov	a, r10
 141 00a0 48 00 00                		mov	[bc], a
  78:../src/r_cg_timer_user.c **** 		if(start==0)
 142                             		.loc 1 78 0
 143 00a3 8F 00 00                		mov	a, !_start
 144 00a6 9D F0                   		mov	r8, a
 145 00a8 D4 F0                   		cmp0	r8
 146 00aa 61 E8                   		 skz
 147 00ac EC C8 00 00             		 br	!!.L11
  79:../src/r_cg_timer_user.c **** 			P1= matriz_marciano[6];
 148                             		.loc 1 79 0
 149 00b0 C9 F0 01 FF             		movw	r8, #-255
 150 00b4 8F 00 00                		mov	a, !_matriz_marciano+6
 151 00b7 9D F2                   		mov	r10, a
 152 00b9 AD F0                   		movw	ax, r8
 153 00bb BD F4                   		movw	r12, ax
 154 00bd DA F4                   		movw	bc, r12
 155 00bf 8D F2                   		mov	a, r10
 156 00c1 48 00 00                		mov	[bc], a
 157 00c4 EC E7 00 00             		br	!!.L12
 158                             	.L11:
  80:../src/r_cg_timer_user.c **** 		else
  81:../src/r_cg_timer_user.c **** 			P1= mov_marcianos[0]|mov_canon;
 159                             		.loc 1 81 0
 160 00c8 C9 F2 01 FF             		movw	r10, #-255
 161 00cc 8F 00 00                		mov	a, !_mov_marcianos
 162 00cf 9D F1                   		mov	r9, a
 163 00d1 8F 00 00                		mov	a, !_mov_canon
 164 00d4 9D F0                   		mov	r8, a
 165 00d6 8D F1                   		mov	a, r9
 166 00d8 6B F0                   		or	a, r8
 167 00da 9D F0                   		mov	r8, a
 168 00dc AD F2                   		movw	ax, r10
 169 00de BD F4                   		movw	r12, ax
 170 00e0 DA F4                   		movw	bc, r12
 171 00e2 8D F0                   		mov	a, r8
 172 00e4 48 00 00                		mov	[bc], a
 173                             	.L12:
  82:../src/r_cg_timer_user.c **** 		P15_bit.no5=1;
 174                             		.loc 1 82 0
 175 00e7 C9 F0 0F FF             		movw	r8, #-241
 176 00eb AD F0                   		movw	ax, r8
 177 00ed BD F4                   		movw	r12, ax
 178 00ef FA F4                   		movw	hl, r12
 179 00f1 8B                      		mov	a, [hl]
 180 00f2 9D F2                   		mov	r10, a
 181 00f4 6A F2 20                		or	r10, #32
 182 00f7 AD F0                   		movw	ax, r8
 183 00f9 DA F4                   		movw	bc, r12
 184 00fb 8D F2                   		mov	a, r10
 185 00fd 48 00 00                		mov	[bc], a
  83:../src/r_cg_timer_user.c **** 		break;
 186                             		.loc 1 83 0
 187 0100 EC 31 04 00             		br	!!.L2
 188                             	.L5:
  84:../src/r_cg_timer_user.c **** 	case 1:
  85:../src/r_cg_timer_user.c **** 		P1=0;
 189                             		.loc 1 85 0
 190 0104 C9 F0 01 FF             		movw	r8, #-255
 191 0108 AD F0                   		movw	ax, r8
 192 010a BD F2                   		movw	r10, ax
 193 010c DA F2                   		movw	bc, r10
 194 010e F1                      		clrb	a
 195 010f 48 00 00                		mov	[bc], a
  86:../src/r_cg_timer_user.c **** 		P15_bit.no5=0;
 196                             		.loc 1 86 0
 197 0112 C9 F0 0F FF             		movw	r8, #-241
 198 0116 AD F0                   		movw	ax, r8
 199 0118 BD F4                   		movw	r12, ax
 200 011a FA F4                   		movw	hl, r12
 201 011c 8B                      		mov	a, [hl]
 202 011d 9D F2                   		mov	r10, a
 203 011f 5A F2 DF                		and	r10, #-33
 204 0122 AD F0                   		movw	ax, r8
 205 0124 DA F4                   		movw	bc, r12
 206 0126 8D F2                   		mov	a, r10
 207 0128 48 00 00                		mov	[bc], a
  87:../src/r_cg_timer_user.c **** 		if(start==0)
 208                             		.loc 1 87 0
 209 012b 8F 00 00                		mov	a, !_start
 210 012e 9D F0                   		mov	r8, a
 211 0130 D4 F0                   		cmp0	r8
 212 0132 61 E8                   		 skz
 213 0134 EC 50 01 00             		 br	!!.L13
  88:../src/r_cg_timer_user.c **** 			P1= matriz_marciano[5];
 214                             		.loc 1 88 0
 215 0138 C9 F0 01 FF             		movw	r8, #-255
 216 013c 8F 00 00                		mov	a, !_matriz_marciano+5
 217 013f 9D F2                   		mov	r10, a
 218 0141 AD F0                   		movw	ax, r8
 219 0143 BD F4                   		movw	r12, ax
 220 0145 DA F4                   		movw	bc, r12
 221 0147 8D F2                   		mov	a, r10
 222 0149 48 00 00                		mov	[bc], a
 223 014c EC 6F 01 00             		br	!!.L14
 224                             	.L13:
  89:../src/r_cg_timer_user.c **** 		else
  90:../src/r_cg_timer_user.c **** 			P1= mov_marcianos[1]|mov_disparo[1];
 225                             		.loc 1 90 0
 226 0150 C9 F2 01 FF             		movw	r10, #-255
 227 0154 8F 00 00                		mov	a, !_mov_marcianos+1
 228 0157 9D F1                   		mov	r9, a
 229 0159 8F 00 00                		mov	a, !_mov_disparo+1
 230 015c 9D F0                   		mov	r8, a
 231 015e 8D F1                   		mov	a, r9
 232 0160 6B F0                   		or	a, r8
 233 0162 9D F0                   		mov	r8, a
 234 0164 AD F2                   		movw	ax, r10
 235 0166 BD F4                   		movw	r12, ax
 236 0168 DA F4                   		movw	bc, r12
 237 016a 8D F0                   		mov	a, r8
 238 016c 48 00 00                		mov	[bc], a
 239                             	.L14:
  91:../src/r_cg_timer_user.c **** 		P15_bit.no6=1;
 240                             		.loc 1 91 0
 241 016f C9 F0 0F FF             		movw	r8, #-241
 242 0173 AD F0                   		movw	ax, r8
 243 0175 BD F4                   		movw	r12, ax
 244 0177 FA F4                   		movw	hl, r12
 245 0179 8B                      		mov	a, [hl]
 246 017a 9D F2                   		mov	r10, a
 247 017c 6A F2 40                		or	r10, #64
 248 017f AD F0                   		movw	ax, r8
 249 0181 DA F4                   		movw	bc, r12
 250 0183 8D F2                   		mov	a, r10
 251 0185 48 00 00                		mov	[bc], a
  92:../src/r_cg_timer_user.c **** 		break;
 252                             		.loc 1 92 0
 253 0188 EC 31 04 00             		br	!!.L2
 254                             	.L6:
  93:../src/r_cg_timer_user.c **** 	case 2:
  94:../src/r_cg_timer_user.c **** 		P1=0;
 255                             		.loc 1 94 0
 256 018c C9 F0 01 FF             		movw	r8, #-255
 257 0190 AD F0                   		movw	ax, r8
 258 0192 BD F2                   		movw	r10, ax
 259 0194 DA F2                   		movw	bc, r10
 260 0196 F1                      		clrb	a
 261 0197 48 00 00                		mov	[bc], a
  95:../src/r_cg_timer_user.c **** 		P15_bit.no6=0;
 262                             		.loc 1 95 0
 263 019a C9 F0 0F FF             		movw	r8, #-241
 264 019e AD F0                   		movw	ax, r8
 265 01a0 BD F4                   		movw	r12, ax
 266 01a2 FA F4                   		movw	hl, r12
 267 01a4 8B                      		mov	a, [hl]
 268 01a5 9D F2                   		mov	r10, a
 269 01a7 5A F2 BF                		and	r10, #-65
 270 01aa AD F0                   		movw	ax, r8
 271 01ac DA F4                   		movw	bc, r12
 272 01ae 8D F2                   		mov	a, r10
 273 01b0 48 00 00                		mov	[bc], a
  96:../src/r_cg_timer_user.c **** 		if(start==0)
 274                             		.loc 1 96 0
 275 01b3 8F 00 00                		mov	a, !_start
 276 01b6 9D F0                   		mov	r8, a
 277 01b8 D4 F0                   		cmp0	r8
 278 01ba 61 E8                   		 skz
 279 01bc EC D8 01 00             		 br	!!.L15
  97:../src/r_cg_timer_user.c **** 			P1= matriz_marciano[4];
 280                             		.loc 1 97 0
 281 01c0 C9 F0 01 FF             		movw	r8, #-255
 282 01c4 8F 00 00                		mov	a, !_matriz_marciano+4
 283 01c7 9D F2                   		mov	r10, a
 284 01c9 AD F0                   		movw	ax, r8
 285 01cb BD F4                   		movw	r12, ax
 286 01cd DA F4                   		movw	bc, r12
 287 01cf 8D F2                   		mov	a, r10
 288 01d1 48 00 00                		mov	[bc], a
 289 01d4 EC F7 01 00             		br	!!.L16
 290                             	.L15:
  98:../src/r_cg_timer_user.c **** 		else
  99:../src/r_cg_timer_user.c **** 			P1= mov_marcianos[2]|mov_disparo[2];
 291                             		.loc 1 99 0
 292 01d8 C9 F2 01 FF             		movw	r10, #-255
 293 01dc 8F 00 00                		mov	a, !_mov_marcianos+2
 294 01df 9D F1                   		mov	r9, a
 295 01e1 8F 00 00                		mov	a, !_mov_disparo+2
 296 01e4 9D F0                   		mov	r8, a
 297 01e6 8D F1                   		mov	a, r9
 298 01e8 6B F0                   		or	a, r8
 299 01ea 9D F0                   		mov	r8, a
 300 01ec AD F2                   		movw	ax, r10
 301 01ee BD F4                   		movw	r12, ax
 302 01f0 DA F4                   		movw	bc, r12
 303 01f2 8D F0                   		mov	a, r8
 304 01f4 48 00 00                		mov	[bc], a
 305                             	.L16:
 100:../src/r_cg_timer_user.c **** 		P7_bit.no1=1;
 306                             		.loc 1 100 0
 307 01f7 C9 F0 07 FF             		movw	r8, #-249
 308 01fb AD F0                   		movw	ax, r8
 309 01fd BD F4                   		movw	r12, ax
 310 01ff FA F4                   		movw	hl, r12
 311 0201 8B                      		mov	a, [hl]
 312 0202 9D F2                   		mov	r10, a
 313 0204 6A F2 02                		or	r10, #2
 314 0207 AD F0                   		movw	ax, r8
 315 0209 DA F4                   		movw	bc, r12
 316 020b 8D F2                   		mov	a, r10
 317 020d 48 00 00                		mov	[bc], a
 101:../src/r_cg_timer_user.c **** 		break;
 318                             		.loc 1 101 0
 319 0210 EC 31 04 00             		br	!!.L2
 320                             	.L3:
 102:../src/r_cg_timer_user.c **** 	case 3:
 103:../src/r_cg_timer_user.c **** 		P1=0;
 321                             		.loc 1 103 0
 322 0214 C9 F0 01 FF             		movw	r8, #-255
 323 0218 AD F0                   		movw	ax, r8
 324 021a BD F2                   		movw	r10, ax
 325 021c DA F2                   		movw	bc, r10
 326 021e F1                      		clrb	a
 327 021f 48 00 00                		mov	[bc], a
 104:../src/r_cg_timer_user.c **** 		P7_bit.no1=0;
 328                             		.loc 1 104 0
 329 0222 C9 F0 07 FF             		movw	r8, #-249
 330 0226 AD F0                   		movw	ax, r8
 331 0228 BD F4                   		movw	r12, ax
 332 022a FA F4                   		movw	hl, r12
 333 022c 8B                      		mov	a, [hl]
 334 022d 9D F2                   		mov	r10, a
 335 022f 5A F2 FD                		and	r10, #-3
 336 0232 AD F0                   		movw	ax, r8
 337 0234 DA F4                   		movw	bc, r12
 338 0236 8D F2                   		mov	a, r10
 339 0238 48 00 00                		mov	[bc], a
 105:../src/r_cg_timer_user.c **** 		if(start==0)
 340                             		.loc 1 105 0
 341 023b 8F 00 00                		mov	a, !_start
 342 023e 9D F0                   		mov	r8, a
 343 0240 D4 F0                   		cmp0	r8
 344 0242 61 E8                   		 skz
 345 0244 EC 60 02 00             		 br	!!.L17
 106:../src/r_cg_timer_user.c **** 			P1= matriz_marciano[3];
 346                             		.loc 1 106 0
 347 0248 C9 F0 01 FF             		movw	r8, #-255
 348 024c 8F 00 00                		mov	a, !_matriz_marciano+3
 349 024f 9D F2                   		mov	r10, a
 350 0251 AD F0                   		movw	ax, r8
 351 0253 BD F4                   		movw	r12, ax
 352 0255 DA F4                   		movw	bc, r12
 353 0257 8D F2                   		mov	a, r10
 354 0259 48 00 00                		mov	[bc], a
 355 025c EC 7F 02 00             		br	!!.L18
 356                             	.L17:
 107:../src/r_cg_timer_user.c **** 		else
 108:../src/r_cg_timer_user.c **** 			P1= mov_marcianos[3]|mov_disparo[3];
 357                             		.loc 1 108 0
 358 0260 C9 F2 01 FF             		movw	r10, #-255
 359 0264 8F 00 00                		mov	a, !_mov_marcianos+3
 360 0267 9D F1                   		mov	r9, a
 361 0269 8F 00 00                		mov	a, !_mov_disparo+3
 362 026c 9D F0                   		mov	r8, a
 363 026e 8D F1                   		mov	a, r9
 364 0270 6B F0                   		or	a, r8
 365 0272 9D F0                   		mov	r8, a
 366 0274 AD F2                   		movw	ax, r10
 367 0276 BD F4                   		movw	r12, ax
 368 0278 DA F4                   		movw	bc, r12
 369 027a 8D F0                   		mov	a, r8
 370 027c 48 00 00                		mov	[bc], a
 371                             	.L18:
 109:../src/r_cg_timer_user.c **** 		P7_bit.no2=1;
 372                             		.loc 1 109 0
 373 027f C9 F0 07 FF             		movw	r8, #-249
 374 0283 AD F0                   		movw	ax, r8
 375 0285 BD F4                   		movw	r12, ax
 376 0287 FA F4                   		movw	hl, r12
 377 0289 8B                      		mov	a, [hl]
 378 028a 9D F2                   		mov	r10, a
 379 028c 6A F2 04                		or	r10, #4
 380 028f AD F0                   		movw	ax, r8
 381 0291 DA F4                   		movw	bc, r12
 382 0293 8D F2                   		mov	a, r10
 383 0295 48 00 00                		mov	[bc], a
 110:../src/r_cg_timer_user.c **** 		break;
 384                             		.loc 1 110 0
 385 0298 EC 31 04 00             		br	!!.L2
 386                             	.L9:
 111:../src/r_cg_timer_user.c **** 	case 4:
 112:../src/r_cg_timer_user.c **** 		P1=0;
 387                             		.loc 1 112 0
 388 029c C9 F0 01 FF             		movw	r8, #-255
 389 02a0 AD F0                   		movw	ax, r8
 390 02a2 BD F2                   		movw	r10, ax
 391 02a4 DA F2                   		movw	bc, r10
 392 02a6 F1                      		clrb	a
 393 02a7 48 00 00                		mov	[bc], a
 113:../src/r_cg_timer_user.c **** 		P7_bit.no2=0;
 394                             		.loc 1 113 0
 395 02aa C9 F0 07 FF             		movw	r8, #-249
 396 02ae AD F0                   		movw	ax, r8
 397 02b0 BD F4                   		movw	r12, ax
 398 02b2 FA F4                   		movw	hl, r12
 399 02b4 8B                      		mov	a, [hl]
 400 02b5 9D F2                   		mov	r10, a
 401 02b7 5A F2 FB                		and	r10, #-5
 402 02ba AD F0                   		movw	ax, r8
 403 02bc DA F4                   		movw	bc, r12
 404 02be 8D F2                   		mov	a, r10
 405 02c0 48 00 00                		mov	[bc], a
 114:../src/r_cg_timer_user.c **** 		if(start==0)
 406                             		.loc 1 114 0
 407 02c3 8F 00 00                		mov	a, !_start
 408 02c6 9D F0                   		mov	r8, a
 409 02c8 D4 F0                   		cmp0	r8
 410 02ca 61 E8                   		 skz
 411 02cc EC E8 02 00             		 br	!!.L19
 115:../src/r_cg_timer_user.c **** 			P1= matriz_marciano[2];
 412                             		.loc 1 115 0
 413 02d0 C9 F0 01 FF             		movw	r8, #-255
 414 02d4 8F 00 00                		mov	a, !_matriz_marciano+2
 415 02d7 9D F2                   		mov	r10, a
 416 02d9 AD F0                   		movw	ax, r8
 417 02db BD F4                   		movw	r12, ax
 418 02dd DA F4                   		movw	bc, r12
 419 02df 8D F2                   		mov	a, r10
 420 02e1 48 00 00                		mov	[bc], a
 421 02e4 EC 07 03 00             		br	!!.L20
 422                             	.L19:
 116:../src/r_cg_timer_user.c **** 		else
 117:../src/r_cg_timer_user.c **** 			P1= mov_marcianos[4]|mov_disparo[4];
 423                             		.loc 1 117 0
 424 02e8 C9 F2 01 FF             		movw	r10, #-255
 425 02ec 8F 00 00                		mov	a, !_mov_marcianos+4
 426 02ef 9D F1                   		mov	r9, a
 427 02f1 8F 00 00                		mov	a, !_mov_disparo+4
 428 02f4 9D F0                   		mov	r8, a
 429 02f6 8D F1                   		mov	a, r9
 430 02f8 6B F0                   		or	a, r8
 431 02fa 9D F0                   		mov	r8, a
 432 02fc AD F2                   		movw	ax, r10
 433 02fe BD F4                   		movw	r12, ax
 434 0300 DA F4                   		movw	bc, r12
 435 0302 8D F0                   		mov	a, r8
 436 0304 48 00 00                		mov	[bc], a
 437                             	.L20:
 118:../src/r_cg_timer_user.c **** 		P7_bit.no0=1;
 438                             		.loc 1 118 0
 439 0307 C9 F0 07 FF             		movw	r8, #-249
 440 030b AD F0                   		movw	ax, r8
 441 030d BD F4                   		movw	r12, ax
 442 030f FA F4                   		movw	hl, r12
 443 0311 8B                      		mov	a, [hl]
 444 0312 9D F2                   		mov	r10, a
 445 0314 6A F2 01                		or	r10, #1
 446 0317 AD F0                   		movw	ax, r8
 447 0319 DA F4                   		movw	bc, r12
 448 031b 8D F2                   		mov	a, r10
 449 031d 48 00 00                		mov	[bc], a
 119:../src/r_cg_timer_user.c **** 		break;
 450                             		.loc 1 119 0
 451 0320 EC 31 04 00             		br	!!.L2
 452                             	.L8:
 120:../src/r_cg_timer_user.c **** 	case 5:
 121:../src/r_cg_timer_user.c **** 		P1=0;
 453                             		.loc 1 121 0
 454 0324 C9 F0 01 FF             		movw	r8, #-255
 455 0328 AD F0                   		movw	ax, r8
 456 032a BD F2                   		movw	r10, ax
 457 032c DA F2                   		movw	bc, r10
 458 032e F1                      		clrb	a
 459 032f 48 00 00                		mov	[bc], a
 122:../src/r_cg_timer_user.c **** 		P7_bit.no0=0;
 460                             		.loc 1 122 0
 461 0332 C9 F0 07 FF             		movw	r8, #-249
 462 0336 AD F0                   		movw	ax, r8
 463 0338 BD F4                   		movw	r12, ax
 464 033a FA F4                   		movw	hl, r12
 465 033c 8B                      		mov	a, [hl]
 466 033d 9D F2                   		mov	r10, a
 467 033f 5A F2 FE                		and	r10, #-2
 468 0342 AD F0                   		movw	ax, r8
 469 0344 DA F4                   		movw	bc, r12
 470 0346 8D F2                   		mov	a, r10
 471 0348 48 00 00                		mov	[bc], a
 123:../src/r_cg_timer_user.c **** 		if(start==0)
 472                             		.loc 1 123 0
 473 034b 8F 00 00                		mov	a, !_start
 474 034e 9D F0                   		mov	r8, a
 475 0350 D4 F0                   		cmp0	r8
 476 0352 61 E8                   		 skz
 477 0354 EC 70 03 00             		 br	!!.L21
 124:../src/r_cg_timer_user.c **** 			P1= matriz_marciano[1];
 478                             		.loc 1 124 0
 479 0358 C9 F0 01 FF             		movw	r8, #-255
 480 035c 8F 00 00                		mov	a, !_matriz_marciano+1
 481 035f 9D F2                   		mov	r10, a
 482 0361 AD F0                   		movw	ax, r8
 483 0363 BD F4                   		movw	r12, ax
 484 0365 DA F4                   		movw	bc, r12
 485 0367 8D F2                   		mov	a, r10
 486 0369 48 00 00                		mov	[bc], a
 487 036c EC 8F 03 00             		br	!!.L22
 488                             	.L21:
 125:../src/r_cg_timer_user.c **** 		else
 126:../src/r_cg_timer_user.c **** 			P1= mov_marcianos[5]|mov_disparo[5];
 489                             		.loc 1 126 0
 490 0370 C9 F2 01 FF             		movw	r10, #-255
 491 0374 8F 00 00                		mov	a, !_mov_marcianos+5
 492 0377 9D F1                   		mov	r9, a
 493 0379 8F 00 00                		mov	a, !_mov_disparo+5
 494 037c 9D F0                   		mov	r8, a
 495 037e 8D F1                   		mov	a, r9
 496 0380 6B F0                   		or	a, r8
 497 0382 9D F0                   		mov	r8, a
 498 0384 AD F2                   		movw	ax, r10
 499 0386 BD F4                   		movw	r12, ax
 500 0388 DA F4                   		movw	bc, r12
 501 038a 8D F0                   		mov	a, r8
 502 038c 48 00 00                		mov	[bc], a
 503                             	.L22:
 127:../src/r_cg_timer_user.c **** 		P15_bit.no4=1;
 504                             		.loc 1 127 0
 505 038f C9 F0 0F FF             		movw	r8, #-241
 506 0393 AD F0                   		movw	ax, r8
 507 0395 BD F4                   		movw	r12, ax
 508 0397 FA F4                   		movw	hl, r12
 509 0399 8B                      		mov	a, [hl]
 510 039a 9D F2                   		mov	r10, a
 511 039c 6A F2 10                		or	r10, #16
 512 039f AD F0                   		movw	ax, r8
 513 03a1 DA F4                   		movw	bc, r12
 514 03a3 8D F2                   		mov	a, r10
 515 03a5 48 00 00                		mov	[bc], a
 128:../src/r_cg_timer_user.c **** 		break;
 516                             		.loc 1 128 0
 517 03a8 EC 31 04 00             		br	!!.L2
 518                             	.L10:
 129:../src/r_cg_timer_user.c **** 	case 6:
 130:../src/r_cg_timer_user.c **** 		P1=0;
 519                             		.loc 1 130 0
 520 03ac C9 F0 01 FF             		movw	r8, #-255
 521 03b0 AD F0                   		movw	ax, r8
 522 03b2 BD F2                   		movw	r10, ax
 523 03b4 DA F2                   		movw	bc, r10
 524 03b6 F1                      		clrb	a
 525 03b7 48 00 00                		mov	[bc], a
 131:../src/r_cg_timer_user.c **** 		P15_bit.no4=0;
 526                             		.loc 1 131 0
 527 03ba C9 F0 0F FF             		movw	r8, #-241
 528 03be AD F0                   		movw	ax, r8
 529 03c0 BD F4                   		movw	r12, ax
 530 03c2 FA F4                   		movw	hl, r12
 531 03c4 8B                      		mov	a, [hl]
 532 03c5 9D F2                   		mov	r10, a
 533 03c7 5A F2 EF                		and	r10, #-17
 534 03ca AD F0                   		movw	ax, r8
 535 03cc DA F4                   		movw	bc, r12
 536 03ce 8D F2                   		mov	a, r10
 537 03d0 48 00 00                		mov	[bc], a
 132:../src/r_cg_timer_user.c **** 		if(start==0)
 538                             		.loc 1 132 0
 539 03d3 8F 00 00                		mov	a, !_start
 540 03d6 9D F0                   		mov	r8, a
 541 03d8 D4 F0                   		cmp0	r8
 542 03da 61 E8                   		 skz
 543 03dc EC F8 03 00             		 br	!!.L23
 133:../src/r_cg_timer_user.c **** 			P1= matriz_marciano[0];
 544                             		.loc 1 133 0
 545 03e0 C9 F0 01 FF             		movw	r8, #-255
 546 03e4 8F 00 00                		mov	a, !_matriz_marciano
 547 03e7 9D F2                   		mov	r10, a
 548 03e9 AD F0                   		movw	ax, r8
 549 03eb BD F4                   		movw	r12, ax
 550 03ed DA F4                   		movw	bc, r12
 551 03ef 8D F2                   		mov	a, r10
 552 03f1 48 00 00                		mov	[bc], a
 553 03f4 EC 17 04 00             		br	!!.L24
 554                             	.L23:
 134:../src/r_cg_timer_user.c **** 		else
 135:../src/r_cg_timer_user.c **** 			P1= mov_marcianos[6]|mov_disparo[6];
 555                             		.loc 1 135 0
 556 03f8 C9 F2 01 FF             		movw	r10, #-255
 557 03fc 8F 00 00                		mov	a, !_mov_marcianos+6
 558 03ff 9D F1                   		mov	r9, a
 559 0401 8F 00 00                		mov	a, !_mov_disparo+6
 560 0404 9D F0                   		mov	r8, a
 561 0406 8D F1                   		mov	a, r9
 562 0408 6B F0                   		or	a, r8
 563 040a 9D F0                   		mov	r8, a
 564 040c AD F2                   		movw	ax, r10
 565 040e BD F4                   		movw	r12, ax
 566 0410 DA F4                   		movw	bc, r12
 567 0412 8D F0                   		mov	a, r8
 568 0414 48 00 00                		mov	[bc], a
 569                             	.L24:
 136:../src/r_cg_timer_user.c **** 		P15_bit.no3=1;
 570                             		.loc 1 136 0
 571 0417 C9 F0 0F FF             		movw	r8, #-241
 572 041b AD F0                   		movw	ax, r8
 573 041d BD F4                   		movw	r12, ax
 574 041f FA F4                   		movw	hl, r12
 575 0421 8B                      		mov	a, [hl]
 576 0422 9D F2                   		mov	r10, a
 577 0424 6A F2 08                		or	r10, #8
 578 0427 AD F0                   		movw	ax, r8
 579 0429 DA F4                   		movw	bc, r12
 580 042b 8D F2                   		mov	a, r10
 581 042d 48 00 00                		mov	[bc], a
 137:../src/r_cg_timer_user.c **** 		break;
 582                             		.loc 1 137 0
 583 0430 00                      		nop
 584                             	.L2:
 138:../src/r_cg_timer_user.c **** 	}
 139:../src/r_cg_timer_user.c **** 
 140:../src/r_cg_timer_user.c **** 	if(start!=0){
 585                             		.loc 1 140 0
 586 0431 8F 00 00                		mov	a, !_start
 587 0434 9D F0                   		mov	r8, a
 588 0436 D4 F0                   		cmp0	r8
 589 0438 61 F8                   		 sknz
 590 043a EC 34 09 00             		 br	!!.L25
 141:../src/r_cg_timer_user.c **** 		// Actualización movimiento marcianos
 142:../src/r_cg_timer_user.c **** 		A++;
 591                             		.loc 1 142 0
 592 043e AF 00 00                		movw	ax, !_A
 593 0441 BD F0                   		movw	r8, ax
 594 0443 A6 F0                   		incw	r8
 595 0445 AD F0                   		movw	ax, r8
 596 0447 BF 00 00                		movw	!_A, ax
 143:../src/r_cg_timer_user.c **** 		if(A>=600){
 597                             		.loc 1 143 0
 598 044a BD F0                   		movw	r8, ax
 599 044c 44 57 02                		cmpw	ax, #599
 600 044f 61 E3                   		 skh
 601 0451 EC 65 04 00             		 br	!!.L26
 144:../src/r_cg_timer_user.c **** 			mover++;
 602                             		.loc 1 144 0
 603 0455 8F 00 00                		mov	a, !_mover
 604 0458 9D F0                   		mov	r8, a
 605 045a A4 F0                   		inc	r8
 606 045c 8D F0                   		mov	a, r8
 607 045e 9F 00 00                		mov	!_mover, a
 145:../src/r_cg_timer_user.c **** 
 146:../src/r_cg_timer_user.c **** 
 147:../src/r_cg_timer_user.c **** 			A=0;
 608                             		.loc 1 147 0
 609 0461 F6                      		clrw	ax
 610 0462 BF 00 00                		movw	!_A, ax
 611                             	.L26:
 148:../src/r_cg_timer_user.c **** 		}
 149:../src/r_cg_timer_user.c **** 		// Funcion de disparo
 150:../src/r_cg_timer_user.c **** 		if(disparo>1){
 612                             		.loc 1 150 0
 613 0465 8F 00 00                		mov	a, !_disparo
 614 0468 9D F0                   		mov	r8, a
 615 046a 4C 01                   		cmp	a, #1
 616 046c 71 FF                   		 xor1	CY, a.7
 617 046e 61 E3                   		 skh
 618 0470 EC 34 09 00             		 br	!!.L25
 151:../src/r_cg_timer_user.c **** 			B++;
 619                             		.loc 1 151 0
 620 0474 AF 00 00                		movw	ax, !_B
 621 0477 BD F0                   		movw	r8, ax
 622 0479 A6 F0                   		incw	r8
 623 047b AD F0                   		movw	ax, r8
 624 047d BF 00 00                		movw	!_B, ax
 152:../src/r_cg_timer_user.c **** 			if(B>=200){
 625                             		.loc 1 152 0
 626 0480 BD F0                   		movw	r8, ax
 627 0482 44 C7 00                		cmpw	ax, #199
 628 0485 61 E3                   		 skh
 629 0487 EC 34 09 00             		 br	!!.L25
 153:../src/r_cg_timer_user.c **** 				up++;
 630                             		.loc 1 153 0
 631 048b 8F 00 00                		mov	a, !_up
 632 048e 9D F0                   		mov	r8, a
 633 0490 A4 F0                   		inc	r8
 634 0492 8D F0                   		mov	a, r8
 635 0494 9F 00 00                		mov	!_up, a
 154:../src/r_cg_timer_user.c **** 				mov_disparo[up-1]=0;
 636                             		.loc 1 154 0
 637 0497 9D F0                   		mov	r8, a
 638 0499 CD F1 00                		mov	r9, #0
 639 049c B6 F0                   		decw	r8
 640 049e DA F0                   		movw	bc, r8
 641 04a0 F1                      		clrb	a
 642 04a1 48 00 00                		mov	_mov_disparo[bc], a
 155:../src/r_cg_timer_user.c **** 				mov_disparo[up]=copia_canon;
 643                             		.loc 1 155 0
 644 04a4 8F 00 00                		mov	a, !_up
 645 04a7 9D F0                   		mov	r8, a
 646 04a9 CD F1 00                		mov	r9, #0
 647 04ac 8F 00 00                		mov	a, !_copia_canon
 648 04af 9D F2                   		mov	r10, a
 649 04b1 DA F0                   		movw	bc, r8
 650 04b3 48 00 00                		mov	_mov_disparo[bc], a
 156:../src/r_cg_timer_user.c **** 				//************************************
 157:../src/r_cg_timer_user.c **** 				if(up==filaactual){
 651                             		.loc 1 157 0
 652 04b6 8F 00 00                		mov	a, !_up
 653 04b9 9D F1                   		mov	r9, a
 654 04bb 8F 00 00                		mov	a, !_filaactual
 655 04be 9D F0                   		mov	r8, a
 656 04c0 8D F1                   		mov	a, r9
 657 04c2 4B F0                   		cmp	a, r8
 658 04c4 61 E8                   		 skz
 659 04c6 EC E7 06 00             		 br	!!.L27
 158:../src/r_cg_timer_user.c **** if(mov_marcianos[filaactual-1]>copia_canon){
 660                             		.loc 1 158 0
 661 04ca 8F 00 00                		mov	a, !_filaactual
 662 04cd 9D F0                   		mov	r8, a
 663 04cf CD F1 00                		mov	r9, #0
 664 04d2 B6 F0                   		decw	r8
 665 04d4 AD F0                   		movw	ax, r8
 666 04d6 04 00 00                		addw	ax, #_mov_marcianos
 667 04d9 16                      		movw	hl, ax
 668 04da 8B                      		mov	a, [hl]
 669 04db 9D F1                   		mov	r9, a
 670 04dd 8F 00 00                		mov	a, !_copia_canon
 671 04e0 9D F0                   		mov	r8, a
 672 04e2 8D F1                   		mov	a, r9
 673 04e4 4B F0                   		cmp	a, r8
 674 04e6 61 E3                   		 skh
 675 04e8 EC E7 06 00             		 br	!!.L27
 159:../src/r_cg_timer_user.c ****           
 160:../src/r_cg_timer_user.c **** 					if(mov_marcianos[filaactual-1]==derecha){
 676                             		.loc 1 160 0
 677 04ec 8F 00 00                		mov	a, !_filaactual
 678 04ef 9D F0                   		mov	r8, a
 679 04f1 CD F1 00                		mov	r9, #0
 680 04f4 B6 F0                   		decw	r8
 681 04f6 AD F0                   		movw	ax, r8
 682 04f8 04 00 00                		addw	ax, #_mov_marcianos
 683 04fb 16                      		movw	hl, ax
 684 04fc 8B                      		mov	a, [hl]
 685 04fd 9D F1                   		mov	r9, a
 686 04ff 8F 00 00                		mov	a, !_derecha
 687 0502 9D F0                   		mov	r8, a
 688 0504 8D F1                   		mov	a, r9
 689 0506 4B F0                   		cmp	a, r8
 690 0508 61 E8                   		 skz
 691 050a EC 94 05 00             		 br	!!.L28
 161:../src/r_cg_timer_user.c **** 						derecha=derecha-copia_canon;
 692                             		.loc 1 161 0
 693 050e 8F 00 00                		mov	a, !_derecha
 694 0511 9D F1                   		mov	r9, a
 695 0513 8F 00 00                		mov	a, !_copia_canon
 696 0516 9D F0                   		mov	r8, a
 697 0518 76                      		mov	l, a
 698 0519 8D F1                   		mov	a, r9
 699 051b 61 2E                   		sub	a, l
 700 051d 9D F0                   		mov	r8, a
 701 051f 9F 00 00                		mov	!_derecha, a
 162:../src/r_cg_timer_user.c **** 						if(copia_canon==16){
 702                             		.loc 1 162 0
 703 0522 8F 00 00                		mov	a, !_copia_canon
 704 0525 9D F0                   		mov	r8, a
 705 0527 4A F0 10                		cmp	r8, #16
 706 052a 61 E8                   		 skz
 707 052c EC 48 05 00             		 br	!!.L29
 163:../src/r_cg_timer_user.c **** 						izquierda=izquierda-4;
 708                             		.loc 1 163 0
 709 0530 8F 00 00                		mov	a, !_izquierda
 710 0533 9D F0                   		mov	r8, a
 711 0535 0C FC                   		add	a, #-4
 712 0537 9D F0                   		mov	r8, a
 713 0539 9F 00 00                		mov	!_izquierda, a
 164:../src/r_cg_timer_user.c **** 								centro=centro-8;}
 714                             		.loc 1 164 0
 715 053c 8F 00 00                		mov	a, !_centro
 716 053f 9D F0                   		mov	r8, a
 717 0541 0C F8                   		add	a, #-8
 718 0543 9D F0                   		mov	r8, a
 719 0545 9F 00 00                		mov	!_centro, a
 720                             	.L29:
 165:../src/r_cg_timer_user.c **** 						if(copia_canon==8){
 721                             		.loc 1 165 0
 722 0548 8F 00 00                		mov	a, !_copia_canon
 723 054b 9D F0                   		mov	r8, a
 724 054d 4A F0 08                		cmp	r8, #8
 725 0550 61 E8                   		 skz
 726 0552 EC 6E 05 00             		 br	!!.L30
 166:../src/r_cg_timer_user.c **** 												izquierda=izquierda-2;
 727                             		.loc 1 166 0
 728 0556 8F 00 00                		mov	a, !_izquierda
 729 0559 9D F0                   		mov	r8, a
 730 055b 0C FE                   		add	a, #-2
 731 055d 9D F0                   		mov	r8, a
 732 055f 9F 00 00                		mov	!_izquierda, a
 167:../src/r_cg_timer_user.c **** 														centro=centro-4;}
 733                             		.loc 1 167 0
 734 0562 8F 00 00                		mov	a, !_centro
 735 0565 9D F0                   		mov	r8, a
 736 0567 0C FC                   		add	a, #-4
 737 0569 9D F0                   		mov	r8, a
 738 056b 9F 00 00                		mov	!_centro, a
 739                             	.L30:
 168:../src/r_cg_timer_user.c **** 						if(copia_canon==4){
 740                             		.loc 1 168 0
 741 056e 8F 00 00                		mov	a, !_copia_canon
 742 0571 9D F0                   		mov	r8, a
 743 0573 4A F0 04                		cmp	r8, #4
 744 0576 61 E8                   		 skz
 745 0578 EC 94 05 00             		 br	!!.L28
 169:../src/r_cg_timer_user.c **** 												izquierda=izquierda-1;
 746                             		.loc 1 169 0
 747 057c 8F 00 00                		mov	a, !_izquierda
 748 057f 9D F0                   		mov	r8, a
 749 0581 B4 F0                   		dec	r8
 750 0583 8D F0                   		mov	a, r8
 751 0585 9F 00 00                		mov	!_izquierda, a
 170:../src/r_cg_timer_user.c **** 														centro=centro-2;}
 752                             		.loc 1 170 0
 753 0588 8F 00 00                		mov	a, !_centro
 754 058b 9D F0                   		mov	r8, a
 755 058d 0C FE                   		add	a, #-2
 756 058f 9D F0                   		mov	r8, a
 757 0591 9F 00 00                		mov	!_centro, a
 758                             	.L28:
 171:../src/r_cg_timer_user.c **** 					}
 172:../src/r_cg_timer_user.c **** 					if(mov_marcianos[filaactual-1]==centro){
 759                             		.loc 1 172 0
 760 0594 8F 00 00                		mov	a, !_filaactual
 761 0597 9D F0                   		mov	r8, a
 762 0599 CD F1 00                		mov	r9, #0
 763 059c B6 F0                   		decw	r8
 764 059e AD F0                   		movw	ax, r8
 765 05a0 04 00 00                		addw	ax, #_mov_marcianos
 766 05a3 16                      		movw	hl, ax
 767 05a4 8B                      		mov	a, [hl]
 768 05a5 9D F1                   		mov	r9, a
 769 05a7 8F 00 00                		mov	a, !_centro
 770 05aa 9D F0                   		mov	r8, a
 771 05ac 8D F1                   		mov	a, r9
 772 05ae 4B F0                   		cmp	a, r8
 773 05b0 61 E8                   		 skz
 774 05b2 EC 3C 06 00             		 br	!!.L31
 173:../src/r_cg_timer_user.c **** 											centro=centro-copia_canon;
 775                             		.loc 1 173 0
 776 05b6 8F 00 00                		mov	a, !_centro
 777 05b9 9D F1                   		mov	r9, a
 778 05bb 8F 00 00                		mov	a, !_copia_canon
 779 05be 9D F0                   		mov	r8, a
 780 05c0 76                      		mov	l, a
 781 05c1 8D F1                   		mov	a, r9
 782 05c3 61 2E                   		sub	a, l
 783 05c5 9D F0                   		mov	r8, a
 784 05c7 9F 00 00                		mov	!_centro, a
 174:../src/r_cg_timer_user.c **** 
 175:../src/r_cg_timer_user.c **** 											if(copia_canon==8){
 785                             		.loc 1 175 0
 786 05ca 8F 00 00                		mov	a, !_copia_canon
 787 05cd 9D F0                   		mov	r8, a
 788 05cf 4A F0 08                		cmp	r8, #8
 789 05d2 61 E8                   		 skz
 790 05d4 EC F0 05 00             		 br	!!.L32
 176:../src/r_cg_timer_user.c **** 												izquierda=izquierda-4;
 791                             		.loc 1 176 0
 792 05d8 8F 00 00                		mov	a, !_izquierda
 793 05db 9D F0                   		mov	r8, a
 794 05dd 0C FC                   		add	a, #-4
 795 05df 9D F0                   		mov	r8, a
 796 05e1 9F 00 00                		mov	!_izquierda, a
 177:../src/r_cg_timer_user.c **** 												derecha=derecha-16;}
 797                             		.loc 1 177 0
 798 05e4 8F 00 00                		mov	a, !_derecha
 799 05e7 9D F0                   		mov	r8, a
 800 05e9 0C F0                   		add	a, #-16
 801 05eb 9D F0                   		mov	r8, a
 802 05ed 9F 00 00                		mov	!_derecha, a
 803                             	.L32:
 178:../src/r_cg_timer_user.c **** 											if(copia_canon==4){
 804                             		.loc 1 178 0
 805 05f0 8F 00 00                		mov	a, !_copia_canon
 806 05f3 9D F0                   		mov	r8, a
 807 05f5 4A F0 04                		cmp	r8, #4
 808 05f8 61 E8                   		 skz
 809 05fa EC 16 06 00             		 br	!!.L33
 179:../src/r_cg_timer_user.c **** 												izquierda=izquierda-2;
 810                             		.loc 1 179 0
 811 05fe 8F 00 00                		mov	a, !_izquierda
 812 0601 9D F0                   		mov	r8, a
 813 0603 0C FE                   		add	a, #-2
 814 0605 9D F0                   		mov	r8, a
 815 0607 9F 00 00                		mov	!_izquierda, a
 180:../src/r_cg_timer_user.c **** 												derecha=derecha-8;}
 816                             		.loc 1 180 0
 817 060a 8F 00 00                		mov	a, !_derecha
 818 060d 9D F0                   		mov	r8, a
 819 060f 0C F8                   		add	a, #-8
 820 0611 9D F0                   		mov	r8, a
 821 0613 9F 00 00                		mov	!_derecha, a
 822                             	.L33:
 181:../src/r_cg_timer_user.c **** 											if(copia_canon==2){
 823                             		.loc 1 181 0
 824 0616 8F 00 00                		mov	a, !_copia_canon
 825 0619 9D F0                   		mov	r8, a
 826 061b 4A F0 02                		cmp	r8, #2
 827 061e 61 E8                   		 skz
 828 0620 EC 3C 06 00             		 br	!!.L31
 182:../src/r_cg_timer_user.c **** 												izquierda=izquierda-1;
 829                             		.loc 1 182 0
 830 0624 8F 00 00                		mov	a, !_izquierda
 831 0627 9D F0                   		mov	r8, a
 832 0629 B4 F0                   		dec	r8
 833 062b 8D F0                   		mov	a, r8
 834 062d 9F 00 00                		mov	!_izquierda, a
 183:../src/r_cg_timer_user.c **** 												derecha=derecha-4;}
 835                             		.loc 1 183 0
 836 0630 8F 00 00                		mov	a, !_derecha
 837 0633 9D F0                   		mov	r8, a
 838 0635 0C FC                   		add	a, #-4
 839 0637 9D F0                   		mov	r8, a
 840 0639 9F 00 00                		mov	!_derecha, a
 841                             	.L31:
 184:../src/r_cg_timer_user.c **** 										}
 185:../src/r_cg_timer_user.c **** 					if(mov_marcianos[filaactual-1]==izquierda){
 842                             		.loc 1 185 0
 843 063c 8F 00 00                		mov	a, !_filaactual
 844 063f 9D F0                   		mov	r8, a
 845 0641 CD F1 00                		mov	r9, #0
 846 0644 B6 F0                   		decw	r8
 847 0646 AD F0                   		movw	ax, r8
 848 0648 04 00 00                		addw	ax, #_mov_marcianos
 849 064b 16                      		movw	hl, ax
 850 064c 8B                      		mov	a, [hl]
 851 064d 9D F1                   		mov	r9, a
 852 064f 8F 00 00                		mov	a, !_izquierda
 853 0652 9D F0                   		mov	r8, a
 854 0654 8D F1                   		mov	a, r9
 855 0656 4B F0                   		cmp	a, r8
 856 0658 61 E8                   		 skz
 857 065a EC E4 06 00             		 br	!!.L34
 186:../src/r_cg_timer_user.c **** 											izquierda=izquierda-copia_canon;
 858                             		.loc 1 186 0
 859 065e 8F 00 00                		mov	a, !_izquierda
 860 0661 9D F1                   		mov	r9, a
 861 0663 8F 00 00                		mov	a, !_copia_canon
 862 0666 9D F0                   		mov	r8, a
 863 0668 76                      		mov	l, a
 864 0669 8D F1                   		mov	a, r9
 865 066b 61 2E                   		sub	a, l
 866 066d 9D F0                   		mov	r8, a
 867 066f 9F 00 00                		mov	!_izquierda, a
 187:../src/r_cg_timer_user.c **** 											if(copia_canon==4){
 868                             		.loc 1 187 0
 869 0672 8F 00 00                		mov	a, !_copia_canon
 870 0675 9D F0                   		mov	r8, a
 871 0677 4A F0 04                		cmp	r8, #4
 872 067a 61 E8                   		 skz
 873 067c EC 98 06 00             		 br	!!.L35
 188:../src/r_cg_timer_user.c **** 												centro=centro-8;
 874                             		.loc 1 188 0
 875 0680 8F 00 00                		mov	a, !_centro
 876 0683 9D F0                   		mov	r8, a
 877 0685 0C F8                   		add	a, #-8
 878 0687 9D F0                   		mov	r8, a
 879 0689 9F 00 00                		mov	!_centro, a
 189:../src/r_cg_timer_user.c **** 												derecha=derecha-16;}
 880                             		.loc 1 189 0
 881 068c 8F 00 00                		mov	a, !_derecha
 882 068f 9D F0                   		mov	r8, a
 883 0691 0C F0                   		add	a, #-16
 884 0693 9D F0                   		mov	r8, a
 885 0695 9F 00 00                		mov	!_derecha, a
 886                             	.L35:
 190:../src/r_cg_timer_user.c **** 											if(copia_canon==2){
 887                             		.loc 1 190 0
 888 0698 8F 00 00                		mov	a, !_copia_canon
 889 069b 9D F0                   		mov	r8, a
 890 069d 4A F0 02                		cmp	r8, #2
 891 06a0 61 E8                   		 skz
 892 06a2 EC BE 06 00             		 br	!!.L36
 191:../src/r_cg_timer_user.c **** 												centro=centro-4;
 893                             		.loc 1 191 0
 894 06a6 8F 00 00                		mov	a, !_centro
 895 06a9 9D F0                   		mov	r8, a
 896 06ab 0C FC                   		add	a, #-4
 897 06ad 9D F0                   		mov	r8, a
 898 06af 9F 00 00                		mov	!_centro, a
 192:../src/r_cg_timer_user.c **** 												derecha=derecha-8;}
 899                             		.loc 1 192 0
 900 06b2 8F 00 00                		mov	a, !_derecha
 901 06b5 9D F0                   		mov	r8, a
 902 06b7 0C F8                   		add	a, #-8
 903 06b9 9D F0                   		mov	r8, a
 904 06bb 9F 00 00                		mov	!_derecha, a
 905                             	.L36:
 193:../src/r_cg_timer_user.c **** 											if(copia_canon==1){
 906                             		.loc 1 193 0
 907 06be 8F 00 00                		mov	a, !_copia_canon
 908 06c1 9D F0                   		mov	r8, a
 909 06c3 4A F0 01                		cmp	r8, #1
 910 06c6 61 E8                   		 skz
 911 06c8 EC E4 06 00             		 br	!!.L34
 194:../src/r_cg_timer_user.c **** 												centro=centro-2;
 912                             		.loc 1 194 0
 913 06cc 8F 00 00                		mov	a, !_centro
 914 06cf 9D F0                   		mov	r8, a
 915 06d1 0C FE                   		add	a, #-2
 916 06d3 9D F0                   		mov	r8, a
 917 06d5 9F 00 00                		mov	!_centro, a
 195:../src/r_cg_timer_user.c **** 												derecha=derecha-4;}
 918                             		.loc 1 195 0
 919 06d8 8F 00 00                		mov	a, !_derecha
 920 06db 9D F0                   		mov	r8, a
 921 06dd 0C FC                   		add	a, #-4
 922 06df 9D F0                   		mov	r8, a
 923 06e1 9F 00 00                		mov	!_derecha, a
 924                             	.L34:
 196:../src/r_cg_timer_user.c **** 																			}copia_canon=0;
 925                             		.loc 1 196 0
 926 06e4 F5 00 00                		clrb	!_copia_canon
 927                             	.L27:
 197:../src/r_cg_timer_user.c **** 
 198:../src/r_cg_timer_user.c **** 						}
 199:../src/r_cg_timer_user.c **** }
 200:../src/r_cg_timer_user.c **** 
 201:../src/r_cg_timer_user.c **** 
 202:../src/r_cg_timer_user.c **** if(up==filaactual+1){
 928                             		.loc 1 202 0
 929 06e7 8F 00 00                		mov	a, !_up
 930 06ea 9D F0                   		mov	r8, a
 931 06ec 70                      		mov	x, a 
 932 06ed 51 00                   		mov	a, #0
 933 06ef BD F2                   		movw	r10, ax
 934 06f1 8F 00 00                		mov	a, !_filaactual
 935 06f4 9D F0                   		mov	r8, a
 936 06f6 CD F1 00                		mov	r9, #0
 937 06f9 A6 F0                   		incw	r8
 938 06fb AD F2                   		movw	ax, r10
 939 06fd 46 F0                   		cmpw	ax, r8
 940 06ff 61 E8                   		 skz
 941 0701 EC 1C 09 00             		 br	!!.L37
 203:../src/r_cg_timer_user.c **** 
 204:../src/r_cg_timer_user.c ****  if(mov_marcianos[filaactual-1]<copia_canon){
 942                             		.loc 1 204 0
 943 0705 8F 00 00                		mov	a, !_filaactual
 944 0708 9D F0                   		mov	r8, a
 945 070a CD F1 00                		mov	r9, #0
 946 070d B6 F0                   		decw	r8
 947 070f AD F0                   		movw	ax, r8
 948 0711 04 00 00                		addw	ax, #_mov_marcianos
 949 0714 16                      		movw	hl, ax
 950 0715 8B                      		mov	a, [hl]
 951 0716 9D F1                   		mov	r9, a
 952 0718 8F 00 00                		mov	a, !_copia_canon
 953 071b 9D F0                   		mov	r8, a
 954 071d 8D F1                   		mov	a, r9
 955 071f 4B F0                   		cmp	a, r8
 956 0721 61 C8                   		 skc
 957 0723 EC 1C 09 00             		 br	!!.L37
 205:../src/r_cg_timer_user.c **** 					if(mov_marcianos[filaactual]==derecha2){
 958                             		.loc 1 205 0
 959 0727 8F 00 00                		mov	a, !_filaactual
 960 072a 9D F0                   		mov	r8, a
 961 072c CD F1 00                		mov	r9, #0
 962 072f AD F0                   		movw	ax, r8
 963 0731 04 00 00                		addw	ax, #_mov_marcianos
 964 0734 16                      		movw	hl, ax
 965 0735 8B                      		mov	a, [hl]
 966 0736 9D F1                   		mov	r9, a
 967 0738 8F 00 00                		mov	a, !_derecha2
 968 073b 9D F0                   		mov	r8, a
 969 073d 8D F1                   		mov	a, r9
 970 073f 4B F0                   		cmp	a, r8
 971 0741 61 E8                   		 skz
 972 0743 EC CD 07 00             		 br	!!.L38
 206:../src/r_cg_timer_user.c **** 						derecha2=derecha2-copia_canon;
 973                             		.loc 1 206 0
 974 0747 8F 00 00                		mov	a, !_derecha2
 975 074a 9D F1                   		mov	r9, a
 976 074c 8F 00 00                		mov	a, !_copia_canon
 977 074f 9D F0                   		mov	r8, a
 978 0751 76                      		mov	l, a
 979 0752 8D F1                   		mov	a, r9
 980 0754 61 2E                   		sub	a, l
 981 0756 9D F0                   		mov	r8, a
 982 0758 9F 00 00                		mov	!_derecha2, a
 207:../src/r_cg_timer_user.c **** 						if(copia_canon==16){
 983                             		.loc 1 207 0
 984 075b 8F 00 00                		mov	a, !_copia_canon
 985 075e 9D F0                   		mov	r8, a
 986 0760 4A F0 10                		cmp	r8, #16
 987 0763 61 E8                   		 skz
 988 0765 EC 81 07 00             		 br	!!.L39
 208:../src/r_cg_timer_user.c **** 						izquierda2=izquierda2-4;
 989                             		.loc 1 208 0
 990 0769 8F 00 00                		mov	a, !_izquierda2
 991 076c 9D F0                   		mov	r8, a
 992 076e 0C FC                   		add	a, #-4
 993 0770 9D F0                   		mov	r8, a
 994 0772 9F 00 00                		mov	!_izquierda2, a
 209:../src/r_cg_timer_user.c **** 								centro2=centro2-8;}
 995                             		.loc 1 209 0
 996 0775 8F 00 00                		mov	a, !_centro2
 997 0778 9D F0                   		mov	r8, a
 998 077a 0C F8                   		add	a, #-8
 999 077c 9D F0                   		mov	r8, a
 1000 077e 9F 00 00                		mov	!_centro2, a
 1001                             	.L39:
 210:../src/r_cg_timer_user.c **** 						if(copia_canon==8){
 1002                             		.loc 1 210 0
 1003 0781 8F 00 00                		mov	a, !_copia_canon
 1004 0784 9D F0                   		mov	r8, a
 1005 0786 4A F0 08                		cmp	r8, #8
 1006 0789 61 E8                   		 skz
 1007 078b EC A7 07 00             		 br	!!.L40
 211:../src/r_cg_timer_user.c **** 												izquierda2=izquierda2-2;
 1008                             		.loc 1 211 0
 1009 078f 8F 00 00                		mov	a, !_izquierda2
 1010 0792 9D F0                   		mov	r8, a
 1011 0794 0C FE                   		add	a, #-2
 1012 0796 9D F0                   		mov	r8, a
 1013 0798 9F 00 00                		mov	!_izquierda2, a
 212:../src/r_cg_timer_user.c **** 														centro2=centro2-4;}
 1014                             		.loc 1 212 0
 1015 079b 8F 00 00                		mov	a, !_centro2
 1016 079e 9D F0                   		mov	r8, a
 1017 07a0 0C FC                   		add	a, #-4
 1018 07a2 9D F0                   		mov	r8, a
 1019 07a4 9F 00 00                		mov	!_centro2, a
 1020                             	.L40:
 213:../src/r_cg_timer_user.c **** 						if(copia_canon==4){
 1021                             		.loc 1 213 0
 1022 07a7 8F 00 00                		mov	a, !_copia_canon
 1023 07aa 9D F0                   		mov	r8, a
 1024 07ac 4A F0 04                		cmp	r8, #4
 1025 07af 61 E8                   		 skz
 1026 07b1 EC CD 07 00             		 br	!!.L38
 214:../src/r_cg_timer_user.c **** 												izquierda2=izquierda2-1;
 1027                             		.loc 1 214 0
 1028 07b5 8F 00 00                		mov	a, !_izquierda2
 1029 07b8 9D F0                   		mov	r8, a
 1030 07ba B4 F0                   		dec	r8
 1031 07bc 8D F0                   		mov	a, r8
 1032 07be 9F 00 00                		mov	!_izquierda2, a
 215:../src/r_cg_timer_user.c **** 														centro2=centro2-2;}
 1033                             		.loc 1 215 0
 1034 07c1 8F 00 00                		mov	a, !_centro2
 1035 07c4 9D F0                   		mov	r8, a
 1036 07c6 0C FE                   		add	a, #-2
 1037 07c8 9D F0                   		mov	r8, a
 1038 07ca 9F 00 00                		mov	!_centro2, a
 1039                             	.L38:
 216:../src/r_cg_timer_user.c **** 					}
 217:../src/r_cg_timer_user.c **** 					if(mov_marcianos[filaactual]==centro2){
 1040                             		.loc 1 217 0
 1041 07cd 8F 00 00                		mov	a, !_filaactual
 1042 07d0 9D F0                   		mov	r8, a
 1043 07d2 CD F1 00                		mov	r9, #0
 1044 07d5 AD F0                   		movw	ax, r8
 1045 07d7 04 00 00                		addw	ax, #_mov_marcianos
 1046 07da 16                      		movw	hl, ax
 1047 07db 8B                      		mov	a, [hl]
 1048 07dc 9D F1                   		mov	r9, a
 1049 07de 8F 00 00                		mov	a, !_centro2
 1050 07e1 9D F0                   		mov	r8, a
 1051 07e3 8D F1                   		mov	a, r9
 1052 07e5 4B F0                   		cmp	a, r8
 1053 07e7 61 E8                   		 skz
 1054 07e9 EC 73 08 00             		 br	!!.L41
 218:../src/r_cg_timer_user.c **** 											centro2=centro2-copia_canon;
 1055                             		.loc 1 218 0
 1056 07ed 8F 00 00                		mov	a, !_centro2
 1057 07f0 9D F1                   		mov	r9, a
 1058 07f2 8F 00 00                		mov	a, !_copia_canon
 1059 07f5 9D F0                   		mov	r8, a
 1060 07f7 76                      		mov	l, a
 1061 07f8 8D F1                   		mov	a, r9
 1062 07fa 61 2E                   		sub	a, l
 1063 07fc 9D F0                   		mov	r8, a
 1064 07fe 9F 00 00                		mov	!_centro2, a
 219:../src/r_cg_timer_user.c **** 
 220:../src/r_cg_timer_user.c **** 											if(copia_canon==8){
 1065                             		.loc 1 220 0
 1066 0801 8F 00 00                		mov	a, !_copia_canon
 1067 0804 9D F0                   		mov	r8, a
 1068 0806 4A F0 08                		cmp	r8, #8
 1069 0809 61 E8                   		 skz
 1070 080b EC 27 08 00             		 br	!!.L42
 221:../src/r_cg_timer_user.c **** 												izquierda2=izquierda2-4;
 1071                             		.loc 1 221 0
 1072 080f 8F 00 00                		mov	a, !_izquierda2
 1073 0812 9D F0                   		mov	r8, a
 1074 0814 0C FC                   		add	a, #-4
 1075 0816 9D F0                   		mov	r8, a
 1076 0818 9F 00 00                		mov	!_izquierda2, a
 222:../src/r_cg_timer_user.c **** 												derecha2=derecha2-16;}
 1077                             		.loc 1 222 0
 1078 081b 8F 00 00                		mov	a, !_derecha2
 1079 081e 9D F0                   		mov	r8, a
 1080 0820 0C F0                   		add	a, #-16
 1081 0822 9D F0                   		mov	r8, a
 1082 0824 9F 00 00                		mov	!_derecha2, a
 1083                             	.L42:
 223:../src/r_cg_timer_user.c **** 											if(copia_canon==4){
 1084                             		.loc 1 223 0
 1085 0827 8F 00 00                		mov	a, !_copia_canon
 1086 082a 9D F0                   		mov	r8, a
 1087 082c 4A F0 04                		cmp	r8, #4
 1088 082f 61 E8                   		 skz
 1089 0831 EC 4D 08 00             		 br	!!.L43
 224:../src/r_cg_timer_user.c **** 												izquierda2=izquierda2-2;
 1090                             		.loc 1 224 0
 1091 0835 8F 00 00                		mov	a, !_izquierda2
 1092 0838 9D F0                   		mov	r8, a
 1093 083a 0C FE                   		add	a, #-2
 1094 083c 9D F0                   		mov	r8, a
 1095 083e 9F 00 00                		mov	!_izquierda2, a
 225:../src/r_cg_timer_user.c **** 												derecha2=derecha2-8;}
 1096                             		.loc 1 225 0
 1097 0841 8F 00 00                		mov	a, !_derecha2
 1098 0844 9D F0                   		mov	r8, a
 1099 0846 0C F8                   		add	a, #-8
 1100 0848 9D F0                   		mov	r8, a
 1101 084a 9F 00 00                		mov	!_derecha2, a
 1102                             	.L43:
 226:../src/r_cg_timer_user.c **** 											if(copia_canon==2){
 1103                             		.loc 1 226 0
 1104 084d 8F 00 00                		mov	a, !_copia_canon
 1105 0850 9D F0                   		mov	r8, a
 1106 0852 4A F0 02                		cmp	r8, #2
 1107 0855 61 E8                   		 skz
 1108 0857 EC 73 08 00             		 br	!!.L41
 227:../src/r_cg_timer_user.c **** 												izquierda2=izquierda2-1;
 1109                             		.loc 1 227 0
 1110 085b 8F 00 00                		mov	a, !_izquierda2
 1111 085e 9D F0                   		mov	r8, a
 1112 0860 B4 F0                   		dec	r8
 1113 0862 8D F0                   		mov	a, r8
 1114 0864 9F 00 00                		mov	!_izquierda2, a
 228:../src/r_cg_timer_user.c **** 												derecha2=derecha2-4;}
 1115                             		.loc 1 228 0
 1116 0867 8F 00 00                		mov	a, !_derecha2
 1117 086a 9D F0                   		mov	r8, a
 1118 086c 0C FC                   		add	a, #-4
 1119 086e 9D F0                   		mov	r8, a
 1120 0870 9F 00 00                		mov	!_derecha2, a
 1121                             	.L41:
 229:../src/r_cg_timer_user.c **** 										}
 230:../src/r_cg_timer_user.c **** 					if(mov_marcianos[filaactual]==izquierda2){
 1122                             		.loc 1 230 0
 1123 0873 8F 00 00                		mov	a, !_filaactual
 1124 0876 9D F0                   		mov	r8, a
 1125 0878 CD F1 00                		mov	r9, #0
 1126 087b AD F0                   		movw	ax, r8
 1127 087d 04 00 00                		addw	ax, #_mov_marcianos
 1128 0880 16                      		movw	hl, ax
 1129 0881 8B                      		mov	a, [hl]
 1130 0882 9D F1                   		mov	r9, a
 1131 0884 8F 00 00                		mov	a, !_izquierda2
 1132 0887 9D F0                   		mov	r8, a
 1133 0889 8D F1                   		mov	a, r9
 1134 088b 4B F0                   		cmp	a, r8
 1135 088d 61 E8                   		 skz
 1136 088f EC 19 09 00             		 br	!!.L44
 231:../src/r_cg_timer_user.c **** 											izquierda2=izquierda2-copia_canon;
 1137                             		.loc 1 231 0
 1138 0893 8F 00 00                		mov	a, !_izquierda2
 1139 0896 9D F1                   		mov	r9, a
 1140 0898 8F 00 00                		mov	a, !_copia_canon
 1141 089b 9D F0                   		mov	r8, a
 1142 089d 76                      		mov	l, a
 1143 089e 8D F1                   		mov	a, r9
 1144 08a0 61 2E                   		sub	a, l
 1145 08a2 9D F0                   		mov	r8, a
 1146 08a4 9F 00 00                		mov	!_izquierda2, a
 232:../src/r_cg_timer_user.c **** 											if(copia_canon==4){
 1147                             		.loc 1 232 0
 1148 08a7 8F 00 00                		mov	a, !_copia_canon
 1149 08aa 9D F0                   		mov	r8, a
 1150 08ac 4A F0 04                		cmp	r8, #4
 1151 08af 61 E8                   		 skz
 1152 08b1 EC CD 08 00             		 br	!!.L45
 233:../src/r_cg_timer_user.c **** 												centro2=centro2-8;
 1153                             		.loc 1 233 0
 1154 08b5 8F 00 00                		mov	a, !_centro2
 1155 08b8 9D F0                   		mov	r8, a
 1156 08ba 0C F8                   		add	a, #-8
 1157 08bc 9D F0                   		mov	r8, a
 1158 08be 9F 00 00                		mov	!_centro2, a
 234:../src/r_cg_timer_user.c **** 												derecha2=derecha2-16;}
 1159                             		.loc 1 234 0
 1160 08c1 8F 00 00                		mov	a, !_derecha2
 1161 08c4 9D F0                   		mov	r8, a
 1162 08c6 0C F0                   		add	a, #-16
 1163 08c8 9D F0                   		mov	r8, a
 1164 08ca 9F 00 00                		mov	!_derecha2, a
 1165                             	.L45:
 235:../src/r_cg_timer_user.c **** 											if(copia_canon==2){
 1166                             		.loc 1 235 0
 1167 08cd 8F 00 00                		mov	a, !_copia_canon
 1168 08d0 9D F0                   		mov	r8, a
 1169 08d2 4A F0 02                		cmp	r8, #2
 1170 08d5 61 E8                   		 skz
 1171 08d7 EC F3 08 00             		 br	!!.L46
 236:../src/r_cg_timer_user.c **** 												centro2=centro2-4;
 1172                             		.loc 1 236 0
 1173 08db 8F 00 00                		mov	a, !_centro2
 1174 08de 9D F0                   		mov	r8, a
 1175 08e0 0C FC                   		add	a, #-4
 1176 08e2 9D F0                   		mov	r8, a
 1177 08e4 9F 00 00                		mov	!_centro2, a
 237:../src/r_cg_timer_user.c **** 												derecha2=derecha2-8;}
 1178                             		.loc 1 237 0
 1179 08e7 8F 00 00                		mov	a, !_derecha2
 1180 08ea 9D F0                   		mov	r8, a
 1181 08ec 0C F8                   		add	a, #-8
 1182 08ee 9D F0                   		mov	r8, a
 1183 08f0 9F 00 00                		mov	!_derecha2, a
 1184                             	.L46:
 238:../src/r_cg_timer_user.c **** 											if(copia_canon==1){
 1185                             		.loc 1 238 0
 1186 08f3 8F 00 00                		mov	a, !_copia_canon
 1187 08f6 9D F0                   		mov	r8, a
 1188 08f8 4A F0 01                		cmp	r8, #1
 1189 08fb 61 E8                   		 skz
 1190 08fd EC 19 09 00             		 br	!!.L44
 239:../src/r_cg_timer_user.c **** 												centro2=centro2-2;
 1191                             		.loc 1 239 0
 1192 0901 8F 00 00                		mov	a, !_centro2
 1193 0904 9D F0                   		mov	r8, a
 1194 0906 0C FE                   		add	a, #-2
 1195 0908 9D F0                   		mov	r8, a
 1196 090a 9F 00 00                		mov	!_centro2, a
 240:../src/r_cg_timer_user.c **** 												derecha2=derecha2-4;}
 1197                             		.loc 1 240 0
 1198 090d 8F 00 00                		mov	a, !_derecha2
 1199 0910 9D F0                   		mov	r8, a
 1200 0912 0C FC                   		add	a, #-4
 1201 0914 9D F0                   		mov	r8, a
 1202 0916 9F 00 00                		mov	!_derecha2, a
 1203                             	.L44:
 241:../src/r_cg_timer_user.c **** 																			}copia_canon=0;
 1204                             		.loc 1 241 0
 1205 0919 F5 00 00                		clrb	!_copia_canon
 1206                             	.L37:
 242:../src/r_cg_timer_user.c **** }
 243:../src/r_cg_timer_user.c **** 										}
 244:../src/r_cg_timer_user.c **** 
 245:../src/r_cg_timer_user.c **** 
 246:../src/r_cg_timer_user.c **** 
 247:../src/r_cg_timer_user.c **** 
 248:../src/r_cg_timer_user.c **** 				//************************************
 249:../src/r_cg_timer_user.c **** 				if(up>=8){
 1207                             		.loc 1 249 0
 1208 091c 8F 00 00                		mov	a, !_up
 1209 091f 9D F0                   		mov	r8, a
 1210 0921 4A F0 07                		cmp	r8, #7
 1211 0924 61 E3                   		 skh
 1212 0926 EC 30 09 00             		 br	!!.L47
 250:../src/r_cg_timer_user.c **** 					up=0;
 1213                             		.loc 1 250 0
 1214 092a F5 00 00                		clrb	!_up
 251:../src/r_cg_timer_user.c **** 					disparo=0;
 1215                             		.loc 1 251 0
 1216 092d F5 00 00                		clrb	!_disparo
 1217                             	.L47:
 252:../src/r_cg_timer_user.c **** 				}
 253:../src/r_cg_timer_user.c **** 				B=0;
 1218                             		.loc 1 253 0
 1219 0930 F6                      		clrw	ax
 1220 0931 BF 00 00                		movw	!_B, ax
 1221                             	.L25:
 254:../src/r_cg_timer_user.c **** 			}
 255:../src/r_cg_timer_user.c **** 		}
 256:../src/r_cg_timer_user.c **** 	}
 257:../src/r_cg_timer_user.c **** 	refresco_fila++;
 1222                             		.loc 1 257 0
 1223 0934 8F 00 00                		mov	a, !_refresco_fila
 1224 0937 9D F0                   		mov	r8, a
 1225 0939 A4 F0                   		inc	r8
 1226 093b 8D F0                   		mov	a, r8
 1227 093d 9F 00 00                		mov	!_refresco_fila, a
 258:../src/r_cg_timer_user.c **** 	if(refresco_fila>=7){
 1228                             		.loc 1 258 0
 1229 0940 9D F0                   		mov	r8, a
 1230 0942 4A F0 06                		cmp	r8, #6
 1231 0945 61 E3                   		 skh
 1232 0947 EC 4E 09 00             		 br	!!.L48
 259:../src/r_cg_timer_user.c **** 		refresco_fila=0;
 1233                             		.loc 1 259 0
 1234 094b F5 00 00                		clrb	!_refresco_fila
 1235                             	.L48:
 260:../src/r_cg_timer_user.c **** 	}
 261:../src/r_cg_timer_user.c **** 	if(mover>12){
 1236                             		.loc 1 261 0
 1237 094e 8F 00 00                		mov	a, !_mover
 1238 0951 9D F0                   		mov	r8, a
 1239 0953 4A F0 0C                		cmp	r8, #12
 1240 0956 61 E3                   		 skh
 1241 0958 EC 70 09 00             		 br	!!.L1
 262:../src/r_cg_timer_user.c **** 		TDR02= 0xBE1F;
 1242                             		.loc 1 262 0
 1243 095c C9 F0 64 FF             		movw	r8, #-156
 1244 0960 AD F0                   		movw	ax, r8
 1245 0962 BD F2                   		movw	r10, ax
 1246 0964 DA F2                   		movw	bc, r10
 1247 0966 30 1F BE                		movw	ax, #-16865
 1248 0969 78 00 00                		movw	[bc], ax
 263:../src/r_cg_timer_user.c **** 				R_TAU0_Channel2_Start();
 1249                             		.loc 1 263 0
 1250 096c FC 00 00 00             		call	!!%code(_R_TAU0_Channel2_Start)
 1251                             	.L1:
 264:../src/r_cg_timer_user.c **** 	}
 265:../src/r_cg_timer_user.c ****     /* End user code. Do not edit comment generated here */
 266:../src/r_cg_timer_user.c **** }
 1252                             		.loc 1 266 0
 1253 0970 61 DF                   		sel	rb1
 1254 0972 C6                      		pop	hl ; r14
 1255 0973 C4                      		pop	de ; r12
 1256 0974 C2                      		pop	bc ; r10
 1257 0975 C0                      		pop	ax ; r8
 1258 0976 61 CF                   		sel	rb0
 1259 0978 C6                      		pop	hl
 1260 0979 C4                      		pop	de
 1261 097a C2                      		pop	bc
 1262 097b C0                      		pop	ax
 1263 097c 61 FC                   		reti
 1264                             	.LFE0:
 1324                             	.Letext0:
 1325                             		.file 2 "../src/iodefine.h"
 1326                             		.file 3 "../src/matriz_marciano.h"
 1327                             		.file 4 "../src/mov_marcianos.h"
