   1                             	r8	=	0xffef0
   2                             	r16	=	0xffee8
   3                             	r24	=	0xffee0
   4                             	r9	=	0xffef1
   5                             	r17	=	0xffee9
   6                             	r25	=	0xffee1
   7                             	r10	=	0xffef2
   8                             	r18	=	0xffeea
   9                             	r26	=	0xffee2
  10                             	r11	=	0xffef3
  11                             	r19	=	0xffeeb
  12                             	r27	=	0xffee3
  13                             	r12	=	0xffef4
  14                             	r20	=	0xffeec
  15                             	r28	=	0xffee4
  16                             	r13	=	0xffef5
  17                             	r21	=	0xffeed
  18                             	r29	=	0xffee5
  19                             	r14	=	0xffef6
  20                             	r22	=	0xffeee
  21                             	r30	=	0xffee6
  22                             	r15	=	0xffef7
  23                             	r23	=	0xffeef
  24                             	r31	=	0xffee7
  25                             	.text
  26                             	.Ltext0:
  27                             		.comm	_mov_marcianos,7,1
  28                             		.global	_mov
  29                             	.bss
  32                             	_mov:
  33 0000 00                      		.zero	1
  34                             		.global	_refresco_fila
  37                             	_refresco_fila:
  38 0001 00                      		.zero	1
  39                             		.global	_marcianos
  42                             	_marcianos:
  43 0002 00                      		.zero	1
  44                             		.global	_mover
  47                             	_mover:
  48 0003 00                      		.zero	1
  49                             		.global	_n
  50                             	.data
  53                             	_n:
  54 0000 06                      		.byte	6
  55                             		.global	_A
  56                             	.bss
  57                             		.balign 2
  60                             	_A:
  61 0004 00 00                   		.zero	2
  62                             		.global	_mov_canon
  63                             	.data
  66                             	_mov_canon:
  67 0001 04                      		.byte	4
  68                             		.comm	_mov_disparo,7,1
  69                             	.text
  70                             		.global	_main
  72                             	_main:
  73                             	.LFB0:
  74                             		.file 1 "../src/r_main.c"
   1:../src/r_main.c **** /**************************************************************************************************
   2:../src/r_main.c **** * DISCLAIMER
   3:../src/r_main.c **** * This software is supplied by Renesas Electronics Corporation and is only intended for use with Re
   4:../src/r_main.c **** * No other uses are authorized. This software is owned by Renesas Electronics Corporation and is pr
   5:../src/r_main.c **** * applicable laws, including copyright laws. 
   6:../src/r_main.c **** * THIS SOFTWARE IS PROVIDED "AS IS" AND RENESAS MAKES NO WARRANTIESREGARDING THIS SOFTWARE, WHETHER
   7:../src/r_main.c **** * OR STATUTORY, INCLUDING BUT NOT LIMITED TO WARRANTIES OF MERCHANTABILITY, FITNESS FOR A PARTICULA
   8:../src/r_main.c **** * NON-INFRINGEMENT.  ALL SUCH WARRANTIES ARE EXPRESSLY DISCLAIMED.TO THE MAXIMUM EXTENT PERMITTED N
   9:../src/r_main.c **** * LAW, NEITHER RENESAS ELECTRONICS CORPORATION NOR ANY OF ITS AFFILIATED COMPANIES SHALL BE LIABLE 
  10:../src/r_main.c **** * INDIRECT, SPECIAL, INCIDENTAL OR CONSEQUENTIAL DAMAGES FOR ANY REASON RELATED TO THIS SOFTWARE, E
  11:../src/r_main.c **** * ITS AFFILIATES HAVE BEEN ADVISED OF THE POSSIBILITY OF SUCH DAMAGES.
  12:../src/r_main.c **** * Renesas reserves the right, without notice, to make changes to this software and to discontinue t
  13:../src/r_main.c **** * of this software. By using this software, you agree to the additional terms and conditions found 
  14:../src/r_main.c **** * following link:
  15:../src/r_main.c **** * http://www.renesas.com/disclaimer
  16:../src/r_main.c **** *
  17:../src/r_main.c **** * Copyright (C) 2011, 2015 Renesas Electronics Corporation. All rights reserved.
  18:../src/r_main.c **** ***************************************************************************************************
  19:../src/r_main.c **** 
  20:../src/r_main.c **** /**************************************************************************************************
  21:../src/r_main.c **** * File Name    : r_main.c
  22:../src/r_main.c **** * Version      : CodeGenerator for RL78/G14 V2.04.02.01 [15 May 2015]
  23:../src/r_main.c **** * Device(s)    : R5F104PF
  24:../src/r_main.c **** * Tool-Chain   : GCCRL78
  25:../src/r_main.c **** * Description  : This file implements main function.
  26:../src/r_main.c **** * Creation Date: 29/04/2017
  27:../src/r_main.c **** ***************************************************************************************************
  28:../src/r_main.c **** 
  29:../src/r_main.c **** /**************************************************************************************************
  30:../src/r_main.c **** Includes
  31:../src/r_main.c **** ***************************************************************************************************
  32:../src/r_main.c **** #include "r_cg_macrodriver.h"
  33:../src/r_main.c **** #include "r_cg_cgc.h"
  34:../src/r_main.c **** #include "r_cg_port.h"
  35:../src/r_main.c **** #include "r_cg_intc.h"
  36:../src/r_main.c **** #include "r_cg_timer.h"
  37:../src/r_main.c **** /* Start user code for include. Do not edit comment generated here */
  38:../src/r_main.c **** #include "mov_marcianos.h"
  39:../src/r_main.c **** /* End user code. Do not edit comment generated here */
  40:../src/r_main.c **** #include "r_cg_userdefine.h"
  41:../src/r_main.c **** 
  42:../src/r_main.c **** /**************************************************************************************************
  43:../src/r_main.c **** Global variables and functions
  44:../src/r_main.c **** ***************************************************************************************************
  45:../src/r_main.c **** /* Start user code for global. Do not edit comment generated here */
  46:../src/r_main.c **** unsigned char mov=0;
  47:../src/r_main.c **** unsigned char refresco_fila=0;
  48:../src/r_main.c **** unsigned char marcianos=0;
  49:../src/r_main.c **** unsigned char mover=0;
  50:../src/r_main.c **** unsigned char n=6;
  51:../src/r_main.c **** unsigned int A=0;
  52:../src/r_main.c **** unsigned char mov_canon=0b00100;
  53:../src/r_main.c **** unsigned char mov_disparo[7];
  54:../src/r_main.c **** 
  55:../src/r_main.c **** /* End user code. Do not edit comment generated here */
  56:../src/r_main.c **** void R_MAIN_UserInit(void);
  57:../src/r_main.c **** 
  58:../src/r_main.c **** /**************************************************************************************************
  59:../src/r_main.c **** * Function Name: main
  60:../src/r_main.c **** * Description  : This function implements main function.
  61:../src/r_main.c **** * Arguments    : None
  62:../src/r_main.c **** * Return Value : None
  63:../src/r_main.c **** ***************************************************************************************************
  64:../src/r_main.c **** void main(void)
  65:../src/r_main.c **** {
  75                             		.loc 1 65 0
  66:../src/r_main.c ****     R_MAIN_UserInit();
  76                             		.loc 1 66 0
  77 0000 FC 00 00 00             		call	!!%code(_R_MAIN_UserInit)
  78                             	.L2:
  79                             	.LBB2:
  67:../src/r_main.c ****     /* Start user code. Do not edit comment generated here */
  68:../src/r_main.c ****     while (1U)
  69:../src/r_main.c ****     {
  70:../src/r_main.c ****     	mover_marcianos();
  80                             		.loc 1 70 0 discriminator 1
  81 0004 FC 00 00 00             		call	!!%code(_mover_marcianos)
  82                             	.LBE2:
  71:../src/r_main.c **** 
  72:../src/r_main.c ****     }
  83                             		.loc 1 72 0 discriminator 1
  84 0008 EC 04 00 00             		br	!!.L2
  85                             	.LFE0:
  87                             		.global	_R_MAIN_UserInit
  89                             	_R_MAIN_UserInit:
  90                             	.LFB1:
  73:../src/r_main.c ****     /* End user code. Do not edit comment generated here */
  74:../src/r_main.c **** }
  75:../src/r_main.c **** 
  76:../src/r_main.c **** 
  77:../src/r_main.c **** /**************************************************************************************************
  78:../src/r_main.c **** * Function Name: R_MAIN_UserInit
  79:../src/r_main.c **** * Description  : This function adds user code before implementing main function.
  80:../src/r_main.c **** * Arguments    : None
  81:../src/r_main.c **** * Return Value : None
  82:../src/r_main.c **** ***************************************************************************************************
  83:../src/r_main.c **** void R_MAIN_UserInit(void)
  84:../src/r_main.c **** {
  91                             		.loc 1 84 0
  85:../src/r_main.c ****     /* Start user code. Do not edit comment generated here */
  86:../src/r_main.c ****     EI();
  92                             		.loc 1 86 0
  93                             	 ; 86 "../src/r_main.c" 1
  94 000c 71 7A FA                		ei
  95                             	 ; 0 "" 2
  87:../src/r_main.c ****     R_TAU0_Channel0_Start();
  96                             		.loc 1 87 0
  97 000f FC 00 00 00             		call	!!%code(_R_TAU0_Channel0_Start)
  88:../src/r_main.c ****     R_INTC9_Start();
  98                             		.loc 1 88 0
  99 0013 FC 00 00 00             		call	!!%code(_R_INTC9_Start)
  89:../src/r_main.c ****     R_INTC10_Start();
 100                             		.loc 1 89 0
 101 0017 FC 00 00 00             		call	!!%code(_R_INTC10_Start)
  90:../src/r_main.c ****     R_INTC8_Start();
 102                             		.loc 1 90 0
 103 001b FC 00 00 00             		call	!!%code(_R_INTC8_Start)
  91:../src/r_main.c **** 
  92:../src/r_main.c ****     /* End user code. Do not edit comment generated here */
  93:../src/r_main.c **** }
 104                             		.loc 1 93 0
 105 001f D7                      		ret
 106                             	.LFE1:
 142                             	.Letext0:
 143                             		.file 2 "../src/mov_marcianos.h"
